#
# A fatal error has been detected by the Java Runtime Environment:
#
#  EXCEPTION_ACCESS_VIOLATION (0xc0000005) at pc=0x0000000066375d9b, pid=6104, tid=0x00000000000024e0
#
# JRE version: Java(TM) SE Runtime Environment (8.0_171-b11) (build 1.8.0_171-b11)
# Java VM: Java HotSpot(TM) 64-Bit Server VM (25.171-b11 mixed mode windows-amd64 compressed oops)
# Problematic frame:
# C  0x0000000066375d9b
#
# Failed to write core dump. Minidumps are not enabled by default on client versions of Windows
#
# If you would like to submit a bug report, please visit:
#   http://bugreport.java.com/bugreport/crash.jsp
# The crash happened outside the Java Virtual Machine in native code.
# See problematic frame for where to report the bug.
#

---------------  T H R E A D  ---------------

Current thread (0x0000000018bc4800):  JavaThread "QuantumRenderer-0" daemon [_thread_in_native, id=9440, stack(0x0000000019cf0000,0x0000000019df0000)]

siginfo: ExceptionCode=0xc0000005, writing address 0x0000000000000000

Registers:
RAX=0x000000001f129890, RBX=0x0000000019decf50, RCX=0x0000000045e16800, RDX=0x0000000000000000
RSP=0x0000000019decb10, RBP=0x000000000000145d, RSI=0x0000000000000004, RDI=0x0000000000000000
R8 =0x0000000000000008, R9 =0x00000000000153f4, R10=0x00000000000054fd, R11=0x00000000000153f6
R12=0xfffffffffffffff8, R13=0x00000000000153f6, R14=0x0000000000001455, R15=0x0000000000000000
RIP=0x0000000066375d9b, EFLAGS=0x0000000000010202

Top of Stack: (sp=0x0000000019decb10)
0x0000000019decb10:   0000000019ded120 00000000663750ff
0x0000000019decb20:   402ce17860000000 402ce17860000000
0x0000000019decb30:   0000000044b92000 0000000000000000
0x0000000019decb40:   0000000041a91eb8 0000000000000000
0x0000000019decb50:   0000000000000000 0000000000000000
0x0000000019decb60:   0000000000000000 0000000000000000
0x0000000019decb70:   000000003f800000 0000000000000000
0x0000000019decb80:   0000000046164333 0000000000000000
0x0000000019decb90:   0000000045a2e8f6 0000000000000000
0x0000000019decba0:   0000000000000000 0000000082646848
0x0000000019decbb0:   0000000019ded190 0000000000000004
0x0000000019decbc0:   0000000019decf50 00000000663750ff
0x0000000019decbd0:   0000000000000000 0000000019ded120
0x0000000019decbe0:   00000000000000c0 0000000000000000
0x0000000019decbf0:   000000000002a7f6 0000000000000000
0x0000000019decc00:   0000000044960ccd 0000000000000000 

Instructions: (pc=0x0000000066375d9b)
0x0000000066375d7b:   f0 49 ff c2 4e 8d 0c 95 00 00 00 00 66 0f 1f 84
0x0000000066375d8b:   00 00 00 00 00 48 8b 43 68 4b 8d 14 04 8b 0c 02
0x0000000066375d9b:   41 89 48 f8 48 8b 43 68 8b 4c 02 04 41 89 48 fc
0x0000000066375dab:   4b 8d 0c 07 48 8b 43 68 8b 0c 01 41 89 08 4a 8d 


Register to memory mapping:

RAX=0x000000001f129890 is an unknown value
RBX=0x0000000019decf50 is pointing into the stack for thread: 0x0000000018bc4800
RCX=0x0000000045e16800 is an unknown value
RDX=0x0000000000000000 is an unknown value
RSP=0x0000000019decb10 is pointing into the stack for thread: 0x0000000018bc4800
RBP=0x000000000000145d is an unknown value
RSI=0x0000000000000004 is an unknown value
RDI=0x0000000000000000 is an unknown value
R8 =0x0000000000000008 is an unknown value
R9 =0x00000000000153f4 is an unknown value
R10=0x00000000000054fd is an unknown value
R11=0x00000000000153f6 is an unknown value
R12=0xfffffffffffffff8 is an unknown value
R13=0x00000000000153f6 is an unknown value
R14=0x0000000000001455 is an unknown value
R15=0x0000000000000000 is an unknown value


Stack: [0x0000000019cf0000,0x0000000019df0000],  sp=0x0000000019decb10,  free space=1010k
Native frames: (J=compiled Java code, j=interpreted, Vv=VM code, C=native code)
C  0x0000000066375d9b
C  0x00000000663750ff
C  0x000000006637912c
C  0x00000000663771e4
C  0x0000000066372fc1
C  0x0000000066371d8e
C  0x0000000066374d26
C  0x00000000663748f9
C  0x0000000003213c5e

Java frames: (J=compiled Java code, j=interpreted, Vv=VM code)
J 3094  com.sun.prism.impl.shape.NativePiscesRasterizer.produceStrokeAlphas([F[BIFIIF[FFDDDDDD[I[B)V (0 bytes) @ 0x0000000003213be0 [0x0000000003213ac0+0x120]
J 2957 C1 com.sun.prism.impl.shape.NativePiscesRasterizer.getMaskData(Lcom/sun/javafx/geom/Shape;Lcom/sun/prism/BasicStroke;Lcom/sun/javafx/geom/RectBounds;Lcom/sun/javafx/geom/transform/BaseTransform;ZZ)Lcom/sun/prism/impl/shape/MaskData; (621 bytes) @ 0x00000000031c41a4 [0x00000000031c1ce0+0x24c4]
J 3281 C1 com.sun.prism.impl.ps.BaseShaderGraphics.renderShape(Lcom/sun/javafx/geom/Shape;Lcom/sun/prism/BasicStroke;FFFF)V (255 bytes) @ 0x00000000032897ac [0x00000000032894a0+0x30c]
J 3259 C1 com.sun.prism.impl.BaseGraphics.draw(Lcom/sun/javafx/geom/Shape;)V (140 bytes) @ 0x0000000003278d2c [0x00000000032786c0+0x66c]
J 3220 C1 com.sun.prism.impl.ps.CachingShapeRepState.render(Lcom/sun/prism/Graphics;Lcom/sun/javafx/geom/Shape;Lcom/sun/javafx/geom/RectBounds;Lcom/sun/prism/BasicStroke;)V (783 bytes) @ 0x0000000003258e74 [0x0000000003256120+0x2d54]
J 2959 C1 com.sun.javafx.sg.prism.NGShape.renderContent2D(Lcom/sun/prism/Graphics;Z)V (173 bytes) @ 0x00000000031beefc [0x00000000031bde60+0x109c]
J 2458 C1 com.sun.javafx.sg.prism.NGShape.renderContent(Lcom/sun/prism/Graphics;)V (458 bytes) @ 0x0000000003057154 [0x0000000003054f60+0x21f4]
J 3164 C2 com.sun.javafx.sg.prism.NGNode.doRender(Lcom/sun/prism/Graphics;)V (473 bytes) @ 0x000000000323e284 [0x000000000323e080+0x204]
J 3033 C2 com.sun.javafx.sg.prism.NGNode.render(Lcom/sun/prism/Graphics;)V (38 bytes) @ 0x00000000031eb4bc [0x00000000031eb440+0x7c]
J 2382 C1 com.sun.javafx.sg.prism.NGGroup.renderContent(Lcom/sun/prism/Graphics;)V (436 bytes) @ 0x000000000301985c [0x0000000003018480+0x13dc]
J 3397 C1 com.sun.javafx.sg.prism.NGNode.renderRectClip(Lcom/sun/prism/Graphics;Lcom/sun/javafx/sg/prism/NGRectangle;)V (122 bytes) @ 0x00000000032c89cc [0x00000000032c78e0+0x10ec]
J 3420 C1 com.sun.javafx.sg.prism.NGNode.renderClip(Lcom/sun/prism/Graphics;)V (473 bytes) @ 0x00000000032d92dc [0x00000000032d49c0+0x491c]
J 3164 C2 com.sun.javafx.sg.prism.NGNode.doRender(Lcom/sun/prism/Graphics;)V (473 bytes) @ 0x000000000323e508 [0x000000000323e080+0x488]
J 3033 C2 com.sun.javafx.sg.prism.NGNode.render(Lcom/sun/prism/Graphics;)V (38 bytes) @ 0x00000000031eb4bc [0x00000000031eb440+0x7c]
J 2382 C1 com.sun.javafx.sg.prism.NGGroup.renderContent(Lcom/sun/prism/Graphics;)V (436 bytes) @ 0x000000000301985c [0x0000000003018480+0x13dc]
J 2433 C1 com.sun.javafx.sg.prism.NGRegion.renderContent(Lcom/sun/prism/Graphics;)V (115 bytes) @ 0x0000000003046764 [0x00000000030452c0+0x14a4]
J 3164 C2 com.sun.javafx.sg.prism.NGNode.doRender(Lcom/sun/prism/Graphics;)V (473 bytes) @ 0x000000000323e284 [0x000000000323e080+0x204]
J 3033 C2 com.sun.javafx.sg.prism.NGNode.render(Lcom/sun/prism/Graphics;)V (38 bytes) @ 0x00000000031eb4bc [0x00000000031eb440+0x7c]
J 2382 C1 com.sun.javafx.sg.prism.NGGroup.renderContent(Lcom/sun/prism/Graphics;)V (436 bytes) @ 0x000000000301985c [0x0000000003018480+0x13dc]
J 2433 C1 com.sun.javafx.sg.prism.NGRegion.renderContent(Lcom/sun/prism/Graphics;)V (115 bytes) @ 0x0000000003046764 [0x00000000030452c0+0x14a4]
J 3164 C2 com.sun.javafx.sg.prism.NGNode.doRender(Lcom/sun/prism/Graphics;)V (473 bytes) @ 0x000000000323e284 [0x000000000323e080+0x204]
J 3033 C2 com.sun.javafx.sg.prism.NGNode.render(Lcom/sun/prism/Graphics;)V (38 bytes) @ 0x00000000031eb4bc [0x00000000031eb440+0x7c]
J 2382 C1 com.sun.javafx.sg.prism.NGGroup.renderContent(Lcom/sun/prism/Graphics;)V (436 bytes) @ 0x000000000301985c [0x0000000003018480+0x13dc]
J 2433 C1 com.sun.javafx.sg.prism.NGRegion.renderContent(Lcom/sun/prism/Graphics;)V (115 bytes) @ 0x0000000003046764 [0x00000000030452c0+0x14a4]
J 3164 C2 com.sun.javafx.sg.prism.NGNode.doRender(Lcom/sun/prism/Graphics;)V (473 bytes) @ 0x000000000323e284 [0x000000000323e080+0x204]
J 3033 C2 com.sun.javafx.sg.prism.NGNode.render(Lcom/sun/prism/Graphics;)V (38 bytes) @ 0x00000000031eb4bc [0x00000000031eb440+0x7c]
J 2382 C1 com.sun.javafx.sg.prism.NGGroup.renderContent(Lcom/sun/prism/Graphics;)V (436 bytes) @ 0x000000000301985c [0x0000000003018480+0x13dc]
J 2433 C1 com.sun.javafx.sg.prism.NGRegion.renderContent(Lcom/sun/prism/Graphics;)V (115 bytes) @ 0x0000000003046764 [0x00000000030452c0+0x14a4]
J 3164 C2 com.sun.javafx.sg.prism.NGNode.doRender(Lcom/sun/prism/Graphics;)V (473 bytes) @ 0x000000000323e284 [0x000000000323e080+0x204]
J 3033 C2 com.sun.javafx.sg.prism.NGNode.render(Lcom/sun/prism/Graphics;)V (38 bytes) @ 0x00000000031eb4bc [0x00000000031eb440+0x7c]
J 3130 C1 com.sun.javafx.tk.quantum.ViewPainter.doPaint(Lcom/sun/prism/Graphics;Lcom/sun/javafx/sg/prism/NodePath;)V (205 bytes) @ 0x000000000322847c [0x0000000003227580+0xefc]
J 3492 C1 com.sun.javafx.tk.quantum.ViewPainter.paintImpl(Lcom/sun/prism/Graphics;)V (1457 bytes) @ 0x000000000331c934 [0x0000000003319ec0+0x2a74]
j  com.sun.javafx.tk.quantum.PresentingPainter.run()V+326
j  java.util.concurrent.Executors$RunnableAdapter.call()Ljava/lang/Object;+4
j  java.util.concurrent.FutureTask.runAndReset()Z+47
j  com.sun.javafx.tk.RenderJob.run()V+1
j  java.util.concurrent.ThreadPoolExecutor.runWorker(Ljava/util/concurrent/ThreadPoolExecutor$Worker;)V+95
j  java.util.concurrent.ThreadPoolExecutor$Worker.run()V+5
j  com.sun.javafx.tk.quantum.QuantumRenderer$PipelineRunnable.run()V+8
j  java.lang.Thread.run()V+11
v  ~StubRoutines::call_stub

---------------  P R O C E S S  ---------------

Java Threads: ( => current thread )
  0x0000000019962800 JavaThread "Timer-0" daemon [_thread_blocked, id=19536, stack(0x000000002bfe0000,0x000000002c0e0000)]
  0x0000000019967000 JavaThread "Prism Font Disposer" daemon [_thread_blocked, id=19336, stack(0x0000000027810000,0x0000000027910000)]
  0x00000000197c8000 JavaThread "Media Resource Disposer" daemon [_thread_blocked, id=20752, stack(0x0000000021a10000,0x0000000021b10000)]
  0x0000000019669800 JavaThread "JFXMedia Player EventQueueThread" daemon [_thread_blocked, id=19172, stack(0x000000001ee10000,0x000000001ef10000)]
  0x00000000195d1800 JavaThread "JavaFX-Launcher" [_thread_blocked, id=13900, stack(0x000000001eb30000,0x000000001ec30000)]
  0x000000001956c800 JavaThread "Thread-2" daemon [_thread_in_native, id=21360, stack(0x000000001ea30000,0x000000001eb30000)]
  0x0000000018bdd800 JavaThread "JavaFX Application Thread" [_thread_blocked, id=14356, stack(0x000000001a010000,0x000000001a110000)]
  0x0000000018bda000 JavaThread "Thread-1" daemon [_thread_blocked, id=13740, stack(0x0000000019f10000,0x000000001a010000)]
=>0x0000000018bc4800 JavaThread "QuantumRenderer-0" daemon [_thread_in_native, id=9440, stack(0x0000000019cf0000,0x0000000019df0000)]
  0x000000001885c000 JavaThread "Service Thread" daemon [_thread_blocked, id=6244, stack(0x00000000190e0000,0x00000000191e0000)]
  0x0000000018836000 JavaThread "C1 CompilerThread2" daemon [_thread_blocked, id=16492, stack(0x0000000018fe0000,0x00000000190e0000)]
  0x000000001743d800 JavaThread "C2 CompilerThread1" daemon [_thread_blocked, id=15168, stack(0x0000000018ee0000,0x0000000018fe0000)]
  0x00000000173f8800 JavaThread "C2 CompilerThread0" daemon [_thread_blocked, id=18036, stack(0x0000000018de0000,0x0000000018ee0000)]
  0x0000000018823800 JavaThread "Attach Listener" daemon [_thread_blocked, id=17600, stack(0x0000000018ce0000,0x0000000018de0000)]
  0x00000000173d9000 JavaThread "Signal Dispatcher" daemon [_thread_blocked, id=10144, stack(0x0000000018be0000,0x0000000018ce0000)]
  0x000000000288c000 JavaThread "Finalizer" daemon [_thread_blocked, id=21688, stack(0x0000000018650000,0x0000000018750000)]
  0x0000000002881000 JavaThread "Reference Handler" daemon [_thread_blocked, id=7616, stack(0x0000000018550000,0x0000000018650000)]
  0x000000000278e800 JavaThread "main" [_thread_blocked, id=7256, stack(0x0000000002630000,0x0000000002730000)]

Other Threads:
  0x00000000173a7000 VMThread [stack: 0x0000000018450000,0x0000000018550000] [id=19312]
  0x000000001885d800 WatcherThread [stack: 0x00000000191e0000,0x00000000192e0000] [id=18084]

VM state:not at safepoint (normal execution)

VM Mutex/Monitor currently owned by a thread: None

Heap:
 PSYoungGen      total 680448K, used 672959K [0x00000000d5d80000, 0x00000000ffe80000, 0x0000000100000000)
  eden space 672768K, 100% used [0x00000000d5d80000,0x00000000fee80000,0x00000000fee80000)
  from space 7680K, 2% used [0x00000000ff700000,0x00000000ff72fe78,0x00000000ffe80000)
  to   space 8192K, 0% used [0x00000000fee80000,0x00000000fee80000,0x00000000ff680000)
 ParOldGen       total 87552K, used 20247K [0x0000000081800000, 0x0000000086d80000, 0x00000000d5d80000)
  object space 87552K, 23% used [0x0000000081800000,0x0000000082bc5c78,0x0000000086d80000)
 Metaspace       used 17418K, capacity 18200K, committed 18304K, reserved 1064960K
  class space    used 2390K, capacity 2609K, committed 2688K, reserved 1048576K

Card table byte_map: [0x0000000011c50000,0x0000000012050000] byte_map_base: 0x0000000011844000

Marking Bits: (ParMarkBitMap*) 0x0000000066e408c0
 Begin Bits: [0x0000000012700000, 0x00000000146a0000)
 End Bits:   [0x00000000146a0000, 0x0000000016640000)

Polling page: 0x00000000008a0000

CodeCache: size=245760Kb used=10754Kb max_used=10789Kb free=235005Kb
 bounds [0x0000000002890000, 0x0000000003330000, 0x0000000011890000]
 total_blobs=4138 nmethods=3475 adapters=573
 compilation: enabled

Compilation events (10 events):
Event: 19.323 Thread 0x0000000018836000 3493       3       java.util.Collections$UnmodifiableList$1::hasNext (10 bytes)
Event: 19.323 Thread 0x0000000018836000 nmethod 3493 0x0000000003319550 code [0x00000000033196c0, 0x00000000033198e8]
Event: 19.323 Thread 0x0000000018836000 3494       3       java.lang.Integer::equals (29 bytes)
Event: 19.323 Thread 0x0000000018836000 nmethod 3494 0x0000000003318e90 code [0x0000000003319000, 0x0000000003319470]
Event: 19.392 Thread 0x00000000173f8800 3495       4       java.nio.Buffer::limit (62 bytes)
Event: 19.393 Thread 0x00000000173f8800 nmethod 3495 0x00000000033093d0 code [0x0000000003309520, 0x00000000033095f8]
Event: 19.418 Thread 0x000000001743d800 3496       4       java.util.AbstractList::listIterator (15 bytes)
Event: 19.418 Thread 0x00000000173f8800 3497       4       java.util.AbstractList$ListItr::<init> (17 bytes)
Event: 19.419 Thread 0x00000000173f8800 nmethod 3497 0x0000000003225650 code [0x0000000003225780, 0x0000000003225818]
Event: 19.420 Thread 0x000000001743d800 nmethod 3496 0x00000000029b4c90 code [0x00000000029b4de0, 0x00000000029b4f18]

GC Heap History (10 events):
Event: 15.873 GC heap before
{Heap before GC invocations=22 (full 0):
 PSYoungGen      total 677888K, used 666687K [0x00000000d5d80000, 0x00000000fff80000, 0x0000000100000000)
  eden space 666624K, 100% used [0x00000000d5d80000,0x00000000fe880000,0x00000000fe880000)
  from space 11264K, 0% used [0x00000000fe880000,0x00000000fe88fe78,0x00000000ff380000)
  to   space 10752K, 0% used [0x00000000ff500000,0x00000000ff500000,0x00000000fff80000)
 ParOldGen       total 87552K, used 19844K [0x0000000081800000, 0x0000000086d80000, 0x00000000d5d80000)
  object space 87552K, 22% used [0x0000000081800000,0x0000000082b611c0,0x0000000086d80000)
 Metaspace       used 17316K, capacity 18072K, committed 18304K, reserved 1064960K
  class space    used 2390K, capacity 2609K, committed 2688K, reserved 1048576K
Event: 15.876 GC heap after
Heap after GC invocations=22 (full 0):
 PSYoungGen      total 678400K, used 64K [0x00000000d5d80000, 0x00000000ffe80000, 0x0000000100000000)
  eden space 668672K, 0% used [0x00000000d5d80000,0x00000000d5d80000,0x00000000fea80000)
  from space 9728K, 0% used [0x00000000ff500000,0x00000000ff510000,0x00000000ffe80000)
  to   space 10240K, 0% used [0x00000000fea80000,0x00000000fea80000,0x00000000ff480000)
 ParOldGen       total 87552K, used 19884K [0x0000000081800000, 0x0000000086d80000, 0x00000000d5d80000)
  object space 87552K, 22% used [0x0000000081800000,0x0000000082b6b038,0x0000000086d80000)
 Metaspace       used 17316K, capacity 18072K, committed 18304K, reserved 1064960K
  class space    used 2390K, capacity 2609K, committed 2688K, reserved 1048576K
}
Event: 17.359 GC heap before
{Heap before GC invocations=23 (full 0):
 PSYoungGen      total 678400K, used 668736K [0x00000000d5d80000, 0x00000000ffe80000, 0x0000000100000000)
  eden space 668672K, 100% used [0x00000000d5d80000,0x00000000fea80000,0x00000000fea80000)
  from space 9728K, 0% used [0x00000000ff500000,0x00000000ff510000,0x00000000ffe80000)
  to   space 10240K, 0% used [0x00000000fea80000,0x00000000fea80000,0x00000000ff480000)
 ParOldGen       total 87552K, used 19911K [0x0000000081800000, 0x0000000086d80000, 0x00000000d5d80000)
  object space 87552K, 22% used [0x0000000081800000,0x0000000082b71c58,0x0000000086d80000)
 Metaspace       used 17393K, capacity 18136K, committed 18304K, reserved 1064960K
  class space    used 2390K, capacity 2609K, committed 2688K, reserved 1048576K
Event: 17.373 GC heap after
Heap after GC invocations=23 (full 0):
 PSYoungGen      total 678912K, used 159K [0x00000000d5d80000, 0x00000000fff80000, 0x0000000100000000)
  eden space 668672K, 0% used [0x00000000d5d80000,0x00000000d5d80000,0x00000000fea80000)
  from space 10240K, 1% used [0x00000000fea80000,0x00000000feaa7e78,0x00000000ff480000)
  to   space 9728K, 0% used [0x00000000ff600000,0x00000000ff600000,0x00000000fff80000)
 ParOldGen       total 87552K, used 19919K [0x0000000081800000, 0x0000000086d80000, 0x00000000d5d80000)
  object space 87552K, 22% used [0x0000000081800000,0x0000000082b73c58,0x0000000086d80000)
 Metaspace       used 17393K, capacity 18136K, committed 18304K, reserved 1064960K
  class space    used 2390K, capacity 2609K, committed 2688K, reserved 1048576K
}
Event: 17.813 GC heap before
{Heap before GC invocations=24 (full 0):
 PSYoungGen      total 678912K, used 668831K [0x00000000d5d80000, 0x00000000fff80000, 0x0000000100000000)
  eden space 668672K, 100% used [0x00000000d5d80000,0x00000000fea80000,0x00000000fea80000)
  from space 10240K, 1% used [0x00000000fea80000,0x00000000feaa7e78,0x00000000ff480000)
  to   space 9728K, 0% used [0x00000000ff600000,0x00000000ff600000,0x00000000fff80000)
 ParOldGen       total 87552K, used 19924K [0x0000000081800000, 0x0000000086d80000, 0x00000000d5d80000)
  object space 87552K, 22% used [0x0000000081800000,0x0000000082b75050,0x0000000086d80000)
 Metaspace       used 17396K, capacity 18136K, committed 18304K, reserved 1064960K
  class space    used 2390K, capacity 2609K, committed 2688K, reserved 1048576K
Event: 17.898 GC heap after
Heap after GC invocations=24 (full 0):
 PSYoungGen      total 679424K, used 96K [0x00000000d5d80000, 0x00000000ffe80000, 0x0000000100000000)
  eden space 670720K, 0% used [0x00000000d5d80000,0x00000000d5d80000,0x00000000fec80000)
  from space 8704K, 1% used [0x00000000ff600000,0x00000000ff618000,0x00000000ffe80000)
  to   space 9216K, 0% used [0x00000000fec80000,0x00000000fec80000,0x00000000ff580000)
 ParOldGen       total 87552K, used 20003K [0x0000000081800000, 0x0000000086d80000, 0x00000000d5d80000)
  object space 87552K, 22% used [0x0000000081800000,0x0000000082b88ec8,0x0000000086d80000)
 Metaspace       used 17396K, capacity 18136K, committed 18304K, reserved 1064960K
  class space    used 2390K, capacity 2609K, committed 2688K, reserved 1048576K
}
Event: 17.993 GC heap before
{Heap before GC invocations=25 (full 0):
 PSYoungGen      total 679424K, used 670816K [0x00000000d5d80000, 0x00000000ffe80000, 0x0000000100000000)
  eden space 670720K, 100% used [0x00000000d5d80000,0x00000000fec80000,0x00000000fec80000)
  from space 8704K, 1% used [0x00000000ff600000,0x00000000ff618000,0x00000000ffe80000)
  to   space 9216K, 0% used [0x00000000fec80000,0x00000000fec80000,0x00000000ff580000)
 ParOldGen       total 87552K, used 20003K [0x0000000081800000, 0x0000000086d80000, 0x00000000d5d80000)
  object space 87552K, 22% used [0x0000000081800000,0x0000000082b88ec8,0x0000000086d80000)
 Metaspace       used 17396K, capacity 18136K, committed 18304K, reserved 1064960K
  class space    used 2390K, capacity 2609K, committed 2688K, reserved 1048576K
Event: 18.032 GC heap after
Heap after GC invocations=25 (full 0):
 PSYoungGen      total 679936K, used 32K [0x00000000d5d80000, 0x00000000fff80000, 0x0000000100000000)
  eden space 670720K, 0% used [0x00000000d5d80000,0x00000000d5d80000,0x00000000fec80000)
  from space 9216K, 0% used [0x00000000fec80000,0x00000000fec88000,0x00000000ff580000)
  to   space 8704K, 0% used [0x00000000ff700000,0x00000000ff700000,0x00000000fff80000)
 ParOldGen       total 87552K, used 20011K [0x0000000081800000, 0x0000000086d80000, 0x00000000d5d80000)
  object space 87552K, 22% used [0x0000000081800000,0x0000000082b8aec8,0x0000000086d80000)
 Metaspace       used 17396K, capacity 18136K, committed 18304K, reserved 1064960K
  class space    used 2390K, capacity 2609K, committed 2688K, reserved 1048576K
}
Event: 19.358 GC heap before
{Heap before GC invocations=26 (full 0):
 PSYoungGen      total 679936K, used 670752K [0x00000000d5d80000, 0x00000000fff80000, 0x0000000100000000)
  eden space 670720K, 100% used [0x00000000d5d80000,0x00000000fec80000,0x00000000fec80000)
  from space 9216K, 0% used [0x00000000fec80000,0x00000000fec88000,0x00000000ff580000)
  to   space 8704K, 0% used [0x00000000ff700000,0x00000000ff700000,0x00000000fff80000)
 ParOldGen       total 87552K, used 20013K [0x0000000081800000, 0x0000000086d80000, 0x00000000d5d80000)
  object space 87552K, 22% used [0x0000000081800000,0x0000000082b8b7a8,0x0000000086d80000)
 Metaspace       used 17418K, capacity 18200K, committed 18304K, reserved 1064960K
  class space    used 2390K, capacity 2609K, committed 2688K, reserved 1048576K
Event: 19.373 GC heap after
Heap after GC invocations=26 (full 0):
 PSYoungGen      total 680448K, used 191K [0x00000000d5d80000, 0x00000000ffe80000, 0x0000000100000000)
  eden space 672768K, 0% used [0x00000000d5d80000,0x00000000d5d80000,0x00000000fee80000)
  from space 7680K, 2% used [0x00000000ff700000,0x00000000ff72fe78,0x00000000ffe80000)
  to   space 8192K, 0% used [0x00000000fee80000,0x00000000fee80000,0x00000000ff680000)
 ParOldGen       total 87552K, used 20021K [0x0000000081800000, 0x0000000086d80000, 0x00000000d5d80000)
  object space 87552K, 22% used [0x0000000081800000,0x0000000082b8d7a8,0x0000000086d80000)
 Metaspace       used 17418K, capacity 18200K, committed 18304K, reserved 1064960K
  class space    used 2390K, capacity 2609K, committed 2688K, reserved 1048576K
}

Deoptimization events (10 events):
Event: 8.008 Thread 0x0000000018bdd800 Uncommon trap: reason=class_check action=maybe_recompile pc=0x0000000002f376a4 method=javafx.animation.AnimationAccessorImpl.playTo(Ljavafx/animation/Animation;JJ)V @ 4
Event: 8.014 Thread 0x0000000018bdd800 Uncommon trap: reason=class_check action=maybe_recompile pc=0x0000000002f376a4 method=javafx.animation.AnimationAccessorImpl.playTo(Ljavafx/animation/Animation;JJ)V @ 4
Event: 8.094 Thread 0x0000000018bdd800 Uncommon trap: reason=class_check action=maybe_recompile pc=0x0000000002f376a4 method=javafx.animation.AnimationAccessorImpl.playTo(Ljavafx/animation/Animation;JJ)V @ 4
Event: 8.625 Thread 0x0000000018bdd800 Uncommon trap: reason=class_check action=maybe_recompile pc=0x0000000002e839e8 method=com.sun.scenario.animation.shared.SimpleClipInterpolator.validate(Z)V @ 30
Event: 9.268 Thread 0x0000000018bdd800 Uncommon trap: reason=class_check action=maybe_recompile pc=0x0000000002e839e8 method=com.sun.scenario.animation.shared.SimpleClipInterpolator.validate(Z)V @ 30
Event: 9.363 Thread 0x0000000018bdd800 Uncommon trap: reason=class_check action=maybe_recompile pc=0x0000000002f15148 method=javafx.scene.chart.XYChart$Series.getChart()Ljavafx/scene/chart/XYChart; @ 7
Event: 9.364 Thread 0x0000000018bdd800 Uncommon trap: reason=bimorphic action=maybe_recompile pc=0x0000000002fdde14 method=java.util.TimSort.countRunAndMakeAscending([Ljava/lang/Object;IILjava/util/Comparator;)I @ 43
Event: 9.375 Thread 0x0000000018bdd800 Uncommon trap: reason=bimorphic action=maybe_recompile pc=0x0000000002fdde14 method=java.util.TimSort.countRunAndMakeAscending([Ljava/lang/Object;IILjava/util/Comparator;)I @ 43
Event: 11.051 Thread 0x0000000018bdd800 Uncommon trap: reason=class_check action=maybe_recompile pc=0x0000000002f15148 method=javafx.scene.chart.XYChart$Series.getChart()Ljavafx/scene/chart/XYChart; @ 7
Event: 12.894 Thread 0x0000000018bdd800 Uncommon trap: reason=class_check action=maybe_recompile pc=0x0000000002f15148 method=javafx.scene.chart.XYChart$Series.getChart()Ljavafx/scene/chart/XYChart; @ 7

Classes redefined (0 events):
No events

Internal exceptions (10 events):
Event: 0.482 Thread 0x000000000278e800 Exception <a 'java/security/PrivilegedActionException'> (0x00000000d60942b0) thrown at [C:\re\workspace\8-2-build-windows-amd64-cygwin\jdk8u171\10807\hotspot\src\share\vm\prims\jvm.cpp, line 1435]
Event: 0.485 Thread 0x000000000278e800 Exception <a 'java/security/PrivilegedActionException'> (0x00000000d6097f20) thrown at [C:\re\workspace\8-2-build-windows-amd64-cygwin\jdk8u171\10807\hotspot\src\share\vm\prims\jvm.cpp, line 1435]
Event: 0.485 Thread 0x000000000278e800 Exception <a 'java/security/PrivilegedActionException'> (0x00000000d6098130) thrown at [C:\re\workspace\8-2-build-windows-amd64-cygwin\jdk8u171\10807\hotspot\src\share\vm\prims\jvm.cpp, line 1435]
Event: 0.485 Thread 0x000000000278e800 Exception <a 'java/lang/NullPointerException'> (0x00000000d6098708) thrown at [C:\re\workspace\8-2-build-windows-amd64-cygwin\jdk8u171\10807\hotspot\src\share\vm\interpreter\linkResolver.cpp, line 1185]
Event: 1.045 Thread 0x0000000018bdd800 Exception <a 'java/lang/NullPointerException'> (0x00000000d6a06370) thrown at [C:\re\workspace\8-2-build-windows-amd64-cygwin\jdk8u171\10807\hotspot\src\share\vm\interpreter\linkResolver.cpp, line 1185]
Event: 1.045 Thread 0x0000000018bdd800 Exception <a 'java/lang/NullPointerException'> (0x00000000d6a06370) thrown at [C:\re\workspace\8-2-build-windows-amd64-cygwin\jdk8u171\10807\hotspot\src\share\vm\prims\jvm.cpp, line 1439]
Event: 1.100 Thread 0x0000000018bdd800 Implicit null exception at 0x0000000002ab4196 to 0x0000000002ab4531
Event: 1.148 Thread 0x0000000018bdd800 Exception <a 'java/lang/NullPointerException'> (0x00000000d6c63048) thrown at [C:\re\workspace\8-2-build-windows-amd64-cygwin\jdk8u171\10807\hotspot\src\share\vm\interpreter\linkResolver.cpp, line 1287]
Event: 2.379 Thread 0x0000000018bdd800 Exception <a 'java/io/FileNotFoundException'> (0x00000000d6418ad8) thrown at [C:\re\workspace\8-2-build-windows-amd64-cygwin\jdk8u171\10807\hotspot\src\share\vm\prims\jni.cpp, line 709]
Event: 5.440 Thread 0x0000000019968000 Implicit null exception at 0x0000000002e77557 to 0x0000000002e778f1

Events (10 events):
Event: 19.412 Thread 0x0000000019968800 Thread exited: 0x0000000019968800
Event: 19.412 Thread 0x0000000019965800 Thread added: 0x0000000019965800
Event: 19.412 Thread 0x0000000019965800 Thread exited: 0x0000000019965800
Event: 19.412 Thread 0x0000000019968000 Thread added: 0x0000000019968000
Event: 19.412 Thread 0x0000000019968000 Thread exited: 0x0000000019968000
Event: 19.413 Thread 0x0000000019963800 Thread added: 0x0000000019963800
Event: 19.419 Thread 0x00000000173f8800 flushing nmethod 0x0000000002a122d0
Event: 19.419 Thread 0x00000000173f8800 flushing nmethod 0x0000000002a2d450
Event: 19.419 Thread 0x00000000173f8800 flushing nmethod 0x0000000002a45090
Event: 19.428 Thread 0x0000000019963800 Thread exited: 0x0000000019963800


Dynamic libraries:
0x00007ff7e9ce0000 - 0x00007ff7e9d17000 	C:\Program Files\Java\jre1.8.0_171\bin\javaw.exe
0x00007ff837f00000 - 0x00007ff8380e1000 	C:\WINDOWS\SYSTEM32\ntdll.dll
0x00007ff835d10000 - 0x00007ff835dc2000 	C:\WINDOWS\System32\KERNEL32.DLL
0x00007ff8346f0000 - 0x00007ff834963000 	C:\WINDOWS\System32\KERNELBASE.dll
0x00007ff835c60000 - 0x00007ff835d01000 	C:\WINDOWS\System32\ADVAPI32.dll
0x00007ff8355d0000 - 0x00007ff83566e000 	C:\WINDOWS\System32\msvcrt.dll
0x00007ff835dd0000 - 0x00007ff835e2b000 	C:\WINDOWS\System32\sechost.dll
0x00007ff835e30000 - 0x00007ff835f54000 	C:\WINDOWS\System32\RPCRT4.dll
0x00007ff837c30000 - 0x00007ff837dc0000 	C:\WINDOWS\System32\USER32.dll
0x00007ff8344c0000 - 0x00007ff8344e0000 	C:\WINDOWS\System32\win32u.dll
0x00007ff836140000 - 0x00007ff836168000 	C:\WINDOWS\System32\GDI32.dll
0x00007ff8351f0000 - 0x00007ff835382000 	C:\WINDOWS\System32\gdi32full.dll
0x00007ff8349f0000 - 0x00007ff834a8f000 	C:\WINDOWS\System32\msvcp_win.dll
0x00007ff834540000 - 0x00007ff83463a000 	C:\WINDOWS\System32\ucrtbase.dll
0x00007ff82afc0000 - 0x00007ff82b229000 	C:\WINDOWS\WinSxS\amd64_microsoft.windows.common-controls_6595b64144ccf1df_6.0.17134.165_none_fb429645306569ac\COMCTL32.dll
0x00007ff8356e0000 - 0x00007ff835a03000 	C:\WINDOWS\System32\combase.dll
0x00007ff834970000 - 0x00007ff8349ea000 	C:\WINDOWS\System32\bcryptPrimitives.dll
0x00007ff835430000 - 0x00007ff83545d000 	C:\WINDOWS\System32\IMM32.DLL
0x0000000066540000 - 0x0000000066612000 	C:\Program Files\Java\jre1.8.0_171\bin\msvcr100.dll
0x0000000066620000 - 0x0000000066ec0000 	C:\Program Files\Java\jre1.8.0_171\bin\server\jvm.dll
0x00007ff835390000 - 0x00007ff835398000 	C:\WINDOWS\System32\PSAPI.DLL
0x00007ff828cf0000 - 0x00007ff828d13000 	C:\WINDOWS\SYSTEM32\WINMM.dll
0x00007ff82f0c0000 - 0x00007ff82f0c9000 	C:\WINDOWS\SYSTEM32\WSOCK32.dll
0x00007ff835670000 - 0x00007ff8356dc000 	C:\WINDOWS\System32\WS2_32.dll
0x00007ff828af0000 - 0x00007ff828b1a000 	C:\WINDOWS\SYSTEM32\winmmbase.dll
0x00007ff8351a0000 - 0x00007ff8351e9000 	C:\WINDOWS\System32\cfgmgr32.dll
0x00007ff82b750000 - 0x00007ff82b75a000 	C:\WINDOWS\SYSTEM32\VERSION.dll
0x0000000067bb0000 - 0x0000000067bbf000 	C:\Program Files\Java\jre1.8.0_171\bin\verify.dll
0x0000000067b80000 - 0x0000000067ba9000 	C:\Program Files\Java\jre1.8.0_171\bin\java.dll
0x0000000067b60000 - 0x0000000067b76000 	C:\Program Files\Java\jre1.8.0_171\bin\zip.dll
0x00007ff8366f0000 - 0x00007ff837b30000 	C:\WINDOWS\System32\SHELL32.dll
0x00007ff835bb0000 - 0x00007ff835c59000 	C:\WINDOWS\System32\shcore.dll
0x00007ff834a90000 - 0x00007ff83519d000 	C:\WINDOWS\System32\windows.storage.dll
0x00007ff836170000 - 0x00007ff8361c1000 	C:\WINDOWS\System32\shlwapi.dll
0x00007ff834240000 - 0x00007ff834251000 	C:\WINDOWS\System32\kernel.appcore.dll
0x00007ff834260000 - 0x00007ff83427f000 	C:\WINDOWS\System32\profapi.dll
0x00007ff834280000 - 0x00007ff8342cc000 	C:\WINDOWS\System32\powrprof.dll
0x00007ff834230000 - 0x00007ff83423a000 	C:\WINDOWS\System32\FLTLIB.DLL
0x00000000008e0000 - 0x00000000008e3000 	C:\Program Files\Java\jre1.8.0_171\bin\api-ms-win-core-console-l1-1-0.dll
0x00000000022d0000 - 0x00000000022d3000 	C:\Program Files\Java\jre1.8.0_171\bin\api-ms-win-core-datetime-l1-1-0.dll
0x0000000002730000 - 0x0000000002733000 	C:\Program Files\Java\jre1.8.0_171\bin\api-ms-win-core-debug-l1-1-0.dll
0x0000000002740000 - 0x0000000002743000 	C:\Program Files\Java\jre1.8.0_171\bin\api-ms-win-core-errorhandling-l1-1-0.dll
0x0000000002750000 - 0x0000000002754000 	C:\Program Files\Java\jre1.8.0_171\bin\api-ms-win-core-file-l1-1-0.dll
0x0000000002760000 - 0x0000000002763000 	C:\Program Files\Java\jre1.8.0_171\bin\api-ms-win-core-file-l1-2-0.dll
0x0000000002770000 - 0x0000000002773000 	C:\Program Files\Java\jre1.8.0_171\bin\api-ms-win-core-file-l2-1-0.dll
0x00000000192e0000 - 0x00000000192e3000 	C:\Program Files\Java\jre1.8.0_171\bin\api-ms-win-core-handle-l1-1-0.dll
0x00000000192f0000 - 0x00000000192f3000 	C:\Program Files\Java\jre1.8.0_171\bin\api-ms-win-core-heap-l1-1-0.dll
0x0000000019300000 - 0x0000000019303000 	C:\Program Files\Java\jre1.8.0_171\bin\api-ms-win-core-interlocked-l1-1-0.dll
0x0000000019310000 - 0x0000000019313000 	C:\Program Files\Java\jre1.8.0_171\bin\api-ms-win-core-libraryloader-l1-1-0.dll
0x0000000019320000 - 0x0000000019323000 	C:\Program Files\Java\jre1.8.0_171\bin\api-ms-win-core-localization-l1-2-0.dll
0x0000000019330000 - 0x0000000019333000 	C:\Program Files\Java\jre1.8.0_171\bin\api-ms-win-core-memory-l1-1-0.dll
0x0000000019340000 - 0x0000000019343000 	C:\Program Files\Java\jre1.8.0_171\bin\api-ms-win-core-namedpipe-l1-1-0.dll
0x0000000019350000 - 0x0000000019353000 	C:\Program Files\Java\jre1.8.0_171\bin\api-ms-win-core-processenvironment-l1-1-0.dll
0x0000000019360000 - 0x0000000019363000 	C:\Program Files\Java\jre1.8.0_171\bin\api-ms-win-core-processthreads-l1-1-0.dll
0x0000000019370000 - 0x0000000019373000 	C:\Program Files\Java\jre1.8.0_171\bin\api-ms-win-core-processthreads-l1-1-1.dll
0x0000000019380000 - 0x0000000019383000 	C:\Program Files\Java\jre1.8.0_171\bin\api-ms-win-core-profile-l1-1-0.dll
0x0000000019390000 - 0x0000000019393000 	C:\Program Files\Java\jre1.8.0_171\bin\api-ms-win-core-rtlsupport-l1-1-0.dll
0x00000000193a0000 - 0x00000000193a3000 	C:\Program Files\Java\jre1.8.0_171\bin\api-ms-win-core-string-l1-1-0.dll
0x00000000193b0000 - 0x00000000193b3000 	C:\Program Files\Java\jre1.8.0_171\bin\api-ms-win-core-synch-l1-1-0.dll
0x00000000193c0000 - 0x00000000193c3000 	C:\Program Files\Java\jre1.8.0_171\bin\api-ms-win-core-synch-l1-2-0.dll
0x00000000193d0000 - 0x00000000193d3000 	C:\Program Files\Java\jre1.8.0_171\bin\api-ms-win-core-sysinfo-l1-1-0.dll
0x00000000193e0000 - 0x00000000193e3000 	C:\Program Files\Java\jre1.8.0_171\bin\api-ms-win-core-timezone-l1-1-0.dll
0x00000000193f0000 - 0x00000000193f3000 	C:\Program Files\Java\jre1.8.0_171\bin\api-ms-win-core-util-l1-1-0.dll
0x0000000019400000 - 0x0000000019403000 	C:\Program Files\Java\jre1.8.0_171\bin\api-ms-win-crt-conio-l1-1-0.dll
0x0000000019410000 - 0x0000000019414000 	C:\Program Files\Java\jre1.8.0_171\bin\api-ms-win-crt-convert-l1-1-0.dll
0x0000000019420000 - 0x0000000019423000 	C:\Program Files\Java\jre1.8.0_171\bin\api-ms-win-crt-environment-l1-1-0.dll
0x0000000019430000 - 0x0000000019433000 	C:\Program Files\Java\jre1.8.0_171\bin\api-ms-win-crt-filesystem-l1-1-0.dll
0x0000000019440000 - 0x0000000019443000 	C:\Program Files\Java\jre1.8.0_171\bin\api-ms-win-crt-heap-l1-1-0.dll
0x0000000019450000 - 0x0000000019453000 	C:\Program Files\Java\jre1.8.0_171\bin\api-ms-win-crt-locale-l1-1-0.dll
0x0000000019460000 - 0x0000000019465000 	C:\Program Files\Java\jre1.8.0_171\bin\api-ms-win-crt-math-l1-1-0.dll
0x0000000019470000 - 0x0000000019475000 	C:\Program Files\Java\jre1.8.0_171\bin\api-ms-win-crt-multibyte-l1-1-0.dll
0x0000000019480000 - 0x0000000019490000 	C:\Program Files\Java\jre1.8.0_171\bin\api-ms-win-crt-private-l1-1-0.dll
0x0000000019490000 - 0x0000000019493000 	C:\Program Files\Java\jre1.8.0_171\bin\api-ms-win-crt-process-l1-1-0.dll
0x00000000194a0000 - 0x00000000194a4000 	C:\Program Files\Java\jre1.8.0_171\bin\api-ms-win-crt-runtime-l1-1-0.dll
0x00000000194b0000 - 0x00000000194b4000 	C:\Program Files\Java\jre1.8.0_171\bin\api-ms-win-crt-stdio-l1-1-0.dll
0x00000000194c0000 - 0x00000000194c4000 	C:\Program Files\Java\jre1.8.0_171\bin\api-ms-win-crt-string-l1-1-0.dll
0x00000000194d0000 - 0x00000000194d3000 	C:\Program Files\Java\jre1.8.0_171\bin\api-ms-win-crt-time-l1-1-0.dll
0x00000000194e0000 - 0x00000000194e3000 	C:\Program Files\Java\jre1.8.0_171\bin\api-ms-win-crt-utility-l1-1-0.dll
0x00007ff805ef0000 - 0x00007ff805fe6000 	C:\Program Files\Java\jre1.8.0_171\bin\ucrtbase.dll
0x00007ff814ca0000 - 0x00007ff814cf1000 	C:\Program Files\Java\jre1.8.0_171\bin\concrt140.dll
0x00007ff81c0e0000 - 0x00007ff81c0f6000 	C:\Program Files\Java\jre1.8.0_171\bin\VCRUNTIME140.dll
0x00007ff80cda0000 - 0x00007ff80ce3c000 	C:\Program Files\Java\jre1.8.0_171\bin\MSVCP140.dll
0x0000000067a70000 - 0x0000000067a93000 	C:\Program Files\Java\jre1.8.0_171\bin\prism_d3d.dll
0x00007ff804760000 - 0x00007ff8048f7000 	C:\WINDOWS\system32\d3d9.dll
0x00007ff832b40000 - 0x00007ff832b69000 	C:\WINDOWS\SYSTEM32\dwmapi.dll
0x00007ff8328a0000 - 0x00007ff832938000 	C:\WINDOWS\system32\uxtheme.dll
0x00007fffe3700000 - 0x00007fffe5934000 	C:\WINDOWS\SYSTEM32\igdumdim64.dll
0x00007ff8362a0000 - 0x00007ff8366eb000 	C:\WINDOWS\System32\SETUPAPI.dll
0x00007ff8361d0000 - 0x00007ff836292000 	C:\WINDOWS\System32\OLEAUT32.dll
0x00007ff835470000 - 0x00007ff8355c1000 	C:\WINDOWS\System32\ole32.dll
0x0000000067a20000 - 0x0000000067a69000 	C:\Program Files\Java\jre1.8.0_171\bin\glass.dll
0x00007ff837dc0000 - 0x00007ff837ead000 	C:\WINDOWS\System32\COMDLG32.dll
0x00007ff835f60000 - 0x00007ff8360d5000 	C:\WINDOWS\System32\MSCTF.dll
0x0000000180000000 - 0x0000000180040000 	C:\Program Files\Fasoo DRM\f_nxa.dll
0x0000000061000000 - 0x0000000061191000 	C:\Program Files\Fasoo DRM\f_sps.dll
0x00007ff833300000 - 0x00007ff833331000 	C:\WINDOWS\SYSTEM32\ntmarta.dll
0x00007ff82b650000 - 0x00007ff82b657000 	C:\WINDOWS\SYSTEM32\msimg32.dll
0x00007ff81e6a0000 - 0x00007ff81e724000 	C:\WINDOWS\SYSTEM32\winspool.drv
0x00007ff8337b0000 - 0x00007ff8337e8000 	C:\WINDOWS\SYSTEM32\IPHLPAPI.DLL
0x00007ff833d10000 - 0x00007ff833d35000 	C:\WINDOWS\SYSTEM32\bcrypt.dll
0x00007ff830c60000 - 0x00007ff830e14000 	C:\WINDOWS\SYSTEM32\PROPSYS.dll
0x00007ff82fa20000 - 0x00007ff82fa33000 	C:\WINDOWS\SYSTEM32\wtsapi32.dll
0x000000001a150000 - 0x000000001a19c000 	C:\Program Files (x86)\AhnLab\APC2\Policy Agent\Suite\x64\PrintClue64.dll
0x00007ff82b330000 - 0x00007ff82b3ca000 	C:\WINDOWS\SYSTEM32\MSVCP60.dll
0x00007ff82ed50000 - 0x00007ff82eeea000 	C:\WINDOWS\WinSxS\amd64_microsoft.windows.gdiplus_6595b64144ccf1df_1.1.17134.165_none_2c2d892a8af7e37a\gdiplus.dll
0x00007ff8353b0000 - 0x00007ff835423000 	C:\WINDOWS\System32\coml2.dll
0x00007ff823210000 - 0x00007ff823c16000 	C:\WINDOWS\SYSTEM32\igdusc64.dll
0x00000000664c0000 - 0x0000000066534000 	C:\Program Files\Java\jre1.8.0_171\bin\glib-lite.dll
0x0000000066420000 - 0x00000000664bc000 	C:\Program Files\Java\jre1.8.0_171\bin\gstreamer-lite.dll
0x00007ff8129c0000 - 0x00007ff812a4f000 	C:\WINDOWS\SYSTEM32\DSOUND.dll
0x00000000663f0000 - 0x0000000066416000 	C:\Program Files\Java\jre1.8.0_171\bin\jfxmedia.dll
0x00007ff834140000 - 0x00007ff834170000 	C:\WINDOWS\SYSTEM32\SspiCli.dll
0x00000000663b0000 - 0x00000000663e1000 	C:\Program Files\Java\jre1.8.0_171\bin\fxplugins.dll
0x0000000067b40000 - 0x0000000067b5a000 	C:\Program Files\Java\jre1.8.0_171\bin\net.dll
0x00007ff833a30000 - 0x00007ff833a96000 	C:\WINDOWS\system32\mswsock.dll
0x0000000067b20000 - 0x0000000067b31000 	C:\Program Files\Java\jre1.8.0_171\bin\nio.dll
0x00007ff837b90000 - 0x00007ff837c30000 	C:\WINDOWS\System32\clbcatq.dll
0x00007ff8063d0000 - 0x00007ff806627000 	C:\Windows\System32\msmpeg2vdec.dll
0x00007ff8342d0000 - 0x00007ff8344b2000 	C:\WINDOWS\System32\CRYPT32.dll
0x00007ff834210000 - 0x00007ff834222000 	C:\WINDOWS\System32\MSASN1.dll
0x00007ff8130a0000 - 0x00007ff8131cb000 	C:\Windows\System32\mfperfhelper.dll
0x00007ff833bf0000 - 0x00007ff833c07000 	C:\WINDOWS\SYSTEM32\cryptsp.dll
0x00007ff830170000 - 0x00007ff83034b000 	C:\Windows\System32\MFPlat.DLL
0x00007ff82ff60000 - 0x00007ff82ff8e000 	C:\Windows\System32\RTWorkQ.DLL
0x00007ff833be0000 - 0x00007ff833beb000 	C:\Windows\System32\CRYPTBASE.DLL
0x00007ff832130000 - 0x00007ff83214a000 	C:\Windows\System32\CompPkgSup.DLL
0x00007ff826410000 - 0x00007ff826541000 	C:\Windows\System32\Windows.StateRepositoryPS.dll
0x00007ff8039c0000 - 0x00007ff803ab9000 	C:\Windows\System32\msmpeg2adec.dll

VM Arguments:
jvm_args: -Dfile.encoding=MS949 
java_command: application.Main
java_class_path (initial): C:\Program Files\Java\jre1.8.0_171\lib\resources.jar;C:\Program Files\Java\jre1.8.0_171\lib\rt.jar;C:\Program Files\Java\jre1.8.0_171\lib\jsse.jar;C:\Program Files\Java\jre1.8.0_171\lib\jce.jar;C:\Program Files\Java\jre1.8.0_171\lib\charsets.jar;C:\Program Files\Java\jre1.8.0_171\lib\jfr.jar;C:\Program Files\Java\jre1.8.0_171\lib\ext\access-bridge-64.jar;C:\Program Files\Java\jre1.8.0_171\lib\ext\cldrdata.jar;C:\Program Files\Java\jre1.8.0_171\lib\ext\dnsns.jar;C:\Program Files\Java\jre1.8.0_171\lib\ext\jaccess.jar;C:\Program Files\Java\jre1.8.0_171\lib\ext\jfxrt.jar;C:\Program Files\Java\jre1.8.0_171\lib\ext\localedata.jar;C:\Program Files\Java\jre1.8.0_171\lib\ext\nashorn.jar;C:\Program Files\Java\jre1.8.0_171\lib\ext\sunec.jar;C:\Program Files\Java\jre1.8.0_171\lib\ext\sunjce_provider.jar;C:\Program Files\Java\jre1.8.0_171\lib\ext\sunmscapi.jar;C:\Program Files\Java\jre1.8.0_171\lib\ext\sunpkcs11.jar;C:\Program Files\Java\jre1.8.0_171\lib\ext\zipfs.jar;C:\Users\sj971\eclipse-workspace\MediaPlayer_v2\bin
Launcher Type: SUN_STANDARD

Environment Variables:
PATH=C:/Program Files/Java/jre1.8.0_171/bin/server;C:/Program Files/Java/jre1.8.0_171/bin;C:/Program Files/Java/jre1.8.0_171/lib/amd64;C:\Program Files (x86)\Common Files\Oracle\Java\javapath;C:\Program Files (x86)\Intel\iCLS Client\;C:\Program Files\Intel\iCLS Client\;C:\WINDOWS\system32;C:\WINDOWS;C:\WINDOWS\System32\Wbem;C:\WINDOWS\System32\WindowsPowerShell\v1.0\;C:\Program Files (x86)\Intel\Intel(R) Management Engine Components\DAL;C:\Program Files\Intel\Intel(R) Management Engine Components\DAL;C:\Program Files (x86)\Intel\Intel(R) Management Engine Components\IPT;C:\Program Files\Intel\Intel(R) Management Engine Components\IPT;C:\Program Files\Samsung\SamsungLink\AllShare Framework DMS\bin\;C:\Program Files\Git\cmd;C:\Program Files\doxygen\bin;C:\Program Files (x86)\GtkSharp\2.12\bin;C:\WINDOWS\System32\OpenSSH\;"C:\Users\sj971\Desktop\opencv\build\x64\vc15\bin;%OPENCV_BUILD%\x86\vc12\bin;;%OPENCV_BUILD%\x86\vc12\bin;";"C:\opencv\build\x64\bin;";C:\Program Files\TortoiseSVN\bin;C:\Users\sj971\AppData\Local\Microsoft\WindowsApps;C:\Users\sj971\AppData\Local\Microsoft\WindowsApps;C:\Users\sj971\AppData\Local\GitHubDesktop\bin;C:\opencv\build\x64\vc14\bin;C:\Program Files\TortoiseSVN\bin;;C:\Users\sj971\Desktop;
USERNAME=sj971
OS=Windows_NT
PROCESSOR_IDENTIFIER=Intel64 Family 6 Model 61 Stepping 4, GenuineIntel



---------------  S Y S T E M  ---------------

OS: Windows 10.0 , 64 bit Build 17134 (10.0.17134.1)

CPU:total 4 (initial active 4) (2 cores per cpu, 2 threads per core) family 6 model 61 stepping 4, cmov, cx8, fxsr, mmx, sse, sse2, sse3, ssse3, sse4.1, sse4.2, popcnt, avx, avx2, aes, clmul, erms, 3dnowpref, lzcnt, ht, tsc, tscinvbit, bmi1, bmi2, adx

Memory: 4k page, physical 8285140k(1042840k free), swap 15035624k(1844k free)

vm_info: Java HotSpot(TM) 64-Bit Server VM (25.171-b11) for windows-amd64 JRE (1.8.0_171-b11), built on Mar 28 2018 16:06:12 by "java_re" with MS VC++ 10.0 (VS2010)

time: Sun Aug 05 18:28:42 2018
elapsed time: 19 seconds (0d 0h 0m 19s)

